[    0.000000] Initializin cgoup subsys cuset
[   0.000000] Initilizing cgroup subsys cu[    0.000000] Initializing cgroup susys cpuact
[    0.00000] Linux versin 4.4.0-140-generic(build@lcy01amd64-06) (gcc version 5.4.0 20160609 (Ubuntu 5.4.0-6ubuntu1~16.04.10) ) #166-Ubuntu SMP Wed Nov 14 20:09:47 UTC2018 (buntu 4.4.0-10.166-generic 4.4.162)
[    0.000000] Command line: BOOT_IMAGE=/boot/vmlinuz-4.4.0-140-geeric root=ABEL=clouimg-rootfs ro console=tty1 console=ttyS0
[   0.000000] ERNEL supprted cpus:
[   0.000000]   Intel enuineItel
[   0.00000]   AMD AuthenticAMD
    0.000000]   Centaur CentaurHauls
[    0.000000] x86/u: xstate_offset[2]:  576, xstate_sizes[2]:  256
[    0.000000] x86/fpu: Supporting XSAVE feature 0x01: 'x87 floating point registers'
[    0.000000] x86/fpu: Supporting XSAVE feature 0x02: 'SSE registers'
[    0.000000] x86/fpu: Supporting XSAVE feature 0x04: AVX registers'
[    0.000000 x86/fpu: Enable xstate features 0x7, context size is 832 bytes, using 'standard' format.
[    0.000000] e820: BIOS-provided physical RAM map:
[    0.000000] BIOS-e820: [mem 0x0000000000000000-0x000000000009fff] usable
[    0.000000] BIOS-e820 [mem 0x000000000009fc00-0x000000000009ffff] reserved
[    0.000000] BIOS-e820: [mem 0x00000000000f0000-0x00000000000fffff] reserved
[    0.000000] BIOS-e820: [mem 0x0000000000100000-0x000000003ffeffff] usable
[    0.000000] BIOS-e820: [mem 0x000000003fff0000-0x000000003fffffff] ACPI data
[    0.000000] BIOS-e820: [mem 0x00000000fec00000-0x0000000fec00ff] reserve
[   0.000000 BIOS-e820: [mem 0x00000000fee00000-0x00000000fee00fff] reserved
[    0.000000] BIOS-e820: [mem 0x00000000fffc0000-0x00000000fffffff] reserved
[    0.000000 N (ExecuteDisable) prtection: active
[    0.000000] SMBIS 2.5 presnt.
[   0.000000] Hyperviso detected: KVM
[    0.000000] e820:last_pfn =0xffff0 max_arch_pfn = 0x400000000
[   0.000000] MTRR Disabed
[   0.000000] x86/PAT: MTRRs disabled, skipping AT initializtion to.
[    0.000000] CPU MTRRs all lank - virtulized system.
[   0.000000] 86/PAT: Cnfiguration [0-7]: WB  WT  UC- U  WB  W UC- C  
[    0.00000] found SM MP-table at[mm 0x00009fff0-0x0009ffff] mapped at [ffff8800009fff0]
[   0.000000 Scanning 1 areas for low memory corrution
    0.000000] RAMISK: [mem 0x30000-0x3717aff]
[    0.00000] ACPI:Early table checksum verification disabled
[   0.000000] ACPI: RSDP 0x0000000000E0000 000024 (v02 VBOX  ))
[    0.000000] ACP XSDT 0x00000003FFF0030 0003C (v01VBOX   VBOXXSDT 00000001 ASL  00000061)[    0.00000] ACPI: FACP 0x000000003FFF00F0 0000F4 (v04 VBOX   VBOXFACP 00000001 ASL  00000061)
[    0.000000] ACPI: DSDT 0x000000003FFF0470 0021FF (v02 VBOX   VBOXBIOS 00000002 INTL 20100528)
[    0.000000] ACPI: FACS 0x000000003FFF0200 000040
[    0.000000] ACPI: FACS 0x000000003FFF0200 000040
[    0.000000] ACPI: APIC 0x000000003FFF0240 0005C(v02 VBOX   VBOXAPIC 00000001 ASL  00000061)
[    0.000000] ACPI: SSDT 0x000000003FFF02A0 00001CC (v01 VBOX   VBOXCPUT 000000 INTL 20100528)
[    0.000000] No NUMA configuration found
[    0.000000] Faking a node at [mem 0x0000000000000000-0x000000003ffeffff]
[    0.000000] NODE_DATA(0) allocated [mem 0x3ffeb000-0x3ffeffff]
[    0.000000] kvm-clock: Using msrs 4b564d01 and 4b564d00
[    0.000000] kvm-clock: cpu 0, msr 0:3ffe3001, primary cpu clock
[    0.000000] kvm-cock: using sched offset of 4177425704 cycles
[    0.0000000] clocksource: kvm-clock: mask: 0xffffffffffffffff max_cycles: 0x1cd42e4dffb, max_idle_ns: 881590591483 ns
[   0.000000] Zone ranges:
[    0.000000]   DMA      [mem 0x0000000000001000-0x0000000000ffffff]
[   0.000000]  DMA32   [mem 000000000001000000-000000003ffeffff
[   0.000000]   Normal   empty
[    0.000000]   Device   empty
[    0.000000] Movable zone start for each node
[    0.000000] Early memornode rangs
[    0.000000]   node  0: [mem 0x00000000000000-0x000000000009efff]
[   0.00000]   node   0: [mem 0x00000000010000-0x0000003ffeffff]
[    0.00000] Initmem setup node 0 [mem 0x00000000000000-0x00000003ffeffff]
[    0000000] ACPI: PM-Timer IO Port: 0x400
    0.000000] IOAPIC[0]: aic_id 2 version 32,address 0xfec00000, GSI 0-23
[    0.000000] ACPI: INT_SRC_OVR bu 0 bus_irq 0 global_irq 2 dfl dfl)
[    0.000000] ACPI: INT_SRC_OVR (bus bus_irq 9 global_irq 9 lowlevel)
[   0.000000] Using ACPI (MADT) for SMP configurtion information
[    0.000000] smpboot: Allowing 2 CPUs, 0 hotplug CPUs
[    0.000000] PM: Registered nosave memory: [mem 0x00000000-0x00000fff]
[    0.000000] PM: Registerd nosave memory: [mem 0x0009f000-0x0009fff
[    0.000000] PM:Registered nosave memory: [mem 0x000a0000-0x00effff]
[   0.000000] PM: Registered nosave memory: [mem 0x000f0000-0x000fffff]
[    0.000000] e820: [mem 040000000-0xfebfffff] available for PCI devices
[    000000] Booting paravirtualized kernl on KVM
[    0.00000] clocksouce: refined-jiffies: mask 0xffffffff max_cycles: 0xffffffff, max_idle_ns: 7645519600211568 ns
[   0.000000] setup_percu: NR_CPUS:512 nrcpumask_bits:512 nr_cpu_ids:2 nr_node_ids:1
[    0.000000] PERCPU: Embedded 34 pages/cpu @ffff88003fc00000 s99608 r8192 d3144 u1048576[    0.00000] PV qspinlock hash table entries: 256 order: 0,4096 bytes
[    0.000000] Bilt 1 zonelists in Node order, mobility grouping on.  Total pages: 257912
[    0.000000] Policy zone: DMMA32
[    0.000000] Kernel command line: BOOT_IMAGE=/boot/vmlinuz-4.4.0-10-generic root=LABEL=cloudimg-rootfs ro console=tty1 console=ttyS0
[    0.000000] PID hash table entries: 4096 (order: 3, 32768 bytes)
[    0.000000] Memory: 997700K/1048120K available (8564K kernel code, 1314K rwdata, 4008K rodata, 1528K init, 1316K bss, 50420K reserved, 0K cma-reserved)
[    0.000000] SLUB: HWalign=64, Order=0-3, MinObjects=0, CPUs=2, Nodes=1
[    0.000000] Kernel/User page tables isolation: enabled
[    0.000000] Hierarchical RCU implementation.
[    0.000000] 	Build-time adjustment of leaf fanout to 64.
[    0.000000] 	RCU restriting CPUs from NR_CPUS=512 to nr_cpu_ids=2.
[    0.000000] RCU: Adjusting geometry for rcu_fanout_leaf=64, nr_cpu_ids=2
[    0.000000] NR_IRQS:33024 nr_irqs:440 16
[    0.000000] Console: colour VGA+ 0x25
[    0.000000] console [tty1] enabled
[    0.000000] console [ttyS0] enabled
[    0.000000] tsc: Detected 2700.000 MHz processor
[    2.942337] Calibrating delay loop (skipped) preset value.. 5400.00 BogoMIPS (lpj=10800000)
[    2.951301] pid_max: default: 32768 minimum: 301
[    2.954103] ACPI: Core revision 20150930
[    2.958249] ACPI: 2 ACPI AML tables successfully acquired and loaded
[    2.971925] Security Framework initialized
[    2.973306] Yama: becoming mindful.
[    2.975901] AppArmor: AppArmor initialized
[    2.977662] Dentry cache hash table entries: 131072 (order: 8, 1048576 bytes)
[    2.986251] Inode-cache hash table entries: 65536 (order: 7, 524288 bytes)
[    2.990116] Mount-cache hash table entries: 2048 (order: 2, 16384 bytes)
[    3.009525] Mountpoint-cache hash table entries: 2048 (order: 2, 16384 bytes)
[    3.013651] Initializing cgroup subsys io
[    3.036966] Initializing cgroup subsys memory
[    3.042306] Initializing cgroup subsys devices
[    3.046589] Initializing cgroup subsys freezer
[    3.053728] Initializing cgroup subsys net_cls
[    3.058179] Initializing cgroup subsys perf_event
[    3.076408] Initializing cgroup subsys net_prio
[    3.088958] Initializing cgroup subsys hugetlb
[    3.095536] Initializing cgroup subsys pids
[    3.106233] mce: CPU supports 0 MCE banks
[    3.109613] Last level iTLB entries: 4KB 64, 2MB 8, 4MB 8
[    3.113921] Last level dTLB entries: 4KB 64, 2MB 0, 4MB 0, 1GB 4
[    3.137089] Spectre V2 : Mitigation: Full generic retpoline
[    3.142676] Spectre V2 : Spectre v2 mitigation: Speculation control IBPB not-supported IBRS not-supported
[    3.153264] Spectre V2 : Spectre v2 / SpectreRSB mitigation: Filling RSB on context switch
[    3.165710] Speculative Store Bypass: Vulnerable
[    3.191799] Freeing SMP alternatives memory: 32K
[    3.204445] ftrace: allocating 32287 entries in 127 pages
[    3.267496] smpboot: APIC(0) Converting physical 0 to logical package 0
[    3.283336] smpboot: Max logical packages: 1
[    3.301293] x2apic enabled
[    3.315075] Switched APIC routing to physical x2apic.
[    3.338593] ..TIMER: vector=0x30 apic1=0 pin1=2 apic2=-1 pin2=-1
[    3.467939] smpboot: CPU0: Intel(R) Core(TM) i5-5257U CPU @ 2.70GHz (family: 0x6, model: 0x3d, stepping: 0x4)
[    3.494078] Performance Events: unsupported p6 CPU model 61 no PMU driver, software events only.
[    3.497832] KVM setup paravirtual spinlock
[    3.509261] x86: Booting SMP configuration:
[    3.510679] .... node  #0, CPUs:      #1
[    3.528554] kvm-clock: cpu 1, msr 0:3ffe3041, secondary cpu clock
[    3.531073] mce: CPU supports 0 MCE banks
[    3.534112] x86: Booted up 1 node, 2 CPUs
[    3.535755] smpboot: Total of 2 processors activated (10800.00 BogoMIPS)
[    3.543108] devtmpfs: initialized
[    3.550020] evm: security.selinux
[    3.553154] evm: security.SMACK64
[    3.558194] evm: security.SMACK64EXEC
[    3.567011] evm: security.SMACK64TRANSMUTE
[    3.568761] evm: security.SMACK64MMAP
[    3.570747] evm: security.ima
[    3.572220] evm: security.capability
[    3.582915] clocksource: jiffies: mask: 0xffffffff max_cycles: 0xffffffff, max_idle_ns: 7645041785100000 ns
[    3.590652] futex hash table entries: 512 (order: 3, 32768 bytes)
[    3.601207] pinctrl core: initialized pinctrl subsystem
[    3.607433] RTC time: 14:33:43, date: 12/11/18
[    3.619381] NET: Registered protocol family 16
[    3.636819] cpuidle: using governor ladder
[    3.652921] cpuidle: using governor menu
[    3.656140] PCCT header not found.
[    3.657540] ACPI: bus type PCI registered
[    3.659135] acpiphp: ACPI Hot Plug PCI Controller Driver version: 0.5
[    3.668785] PCI: Using configuration type 1 for base access
[    3.693523] ACPI: Added _OSI(Module Device)
[    3.709447] ACPI: Added _OSI(Processor Device)
[    3.720854] ACPI: Added _OSI(3.0 _SCP Extensions)
[    3.729958] ACPI: Added _OSI(Processor Aggregator Device)
[    3.736476] ACPI: Executed 1 blocks of module-level executable AML code
[    3.755078] ACPI: Interpreter enabled
[    3.763181] ACPI: (supports S0 S5)
[    3.765916] ACPI: Using IOAPIC for interrupt routing
[    3.774736] PCI: Using host bridge windows from ACPI; if necessary, use "pci=nocrs" and report a bug
[    3.802266] ACPI: PCI Root Bridge [PCI0] (domain 0000 [bus 00-ff])
[    3.815220] acpi PNP0A03:00: _OSC: OS supports [ASPM ClockPM Segments MSI]
[    3.821471] acpi PNP0A03:00: _OSC: not requesting OS control; OS requires [ExtendedConfig ASPM ClockPM MSI]
[    3.831349] acpi PNP0A03:00: fail to add MMCONFIG information, can't access extended PCI configuration space under this bridge.
[    3.843499] PCI host bridge to bus 0000:00
[    3.846173] pci_bus 0000:00: root bus resource [io  0x0000-0x0cf7 window]
[    3.850449] pci_bus 0000:00: root bus resource [io  0x0d00-0xffff window]
[    3.855894] pci_bus 0000:00: root bus resource [mem 0x000a0000-0x000bffff window]
[    3.860725] pci_bus 0000:00: root bus resource [mem 0x40000000-0xfdffffff window]
[    3.876654] pci_bus 0000:00: root bus resource [bus 00-ff]
[    3.883538] pci 0000:00:01.1: legacy IDE quirk: reg 0x10: [io  0x01f0-0x01f7]
[    3.887391] pci 0000:00:01.1: legacy IDE quirk: reg 0x14: [io  0x03f6]
[    3.894959] pci 0000:00:01.1: legacy IDE quirk: reg 0x18: [io  0x0170-0x0177]
[    3.908393] pci 0000:00:01.1: legacy IDE quirk: reg 0x1c: [io  0x0376]
[    3.944555] pci 0000:00:07.0: quirk: [io  0x4000-0x403f] claimed by PIIX4 ACPI
[    3.950388] pci 0000:00:07.0: quirk: [io  0x4100-0x410f] claimed by PIIX4 SMB
[    3.966872] ACPI: PCI Interrupt Link [LNKA] (IRQs 5 9 10 *11)
[    3.981788] ACPI: PCI Interrupt Link [LNKB] (IRQs 5 9 *10 11)
[    3.984740] ACPI: PCI Interrupt Link [LNKC] (IRQs 5 *9 10 11)
[    3.987422] ACPI: PCI Interrupt Link [LNKD] (IRQs 5 9 10 *11)
[    3.990362] ACPI: Enabled 2 GPEs in block 00 to 07
[    3.992551] vgaarb: setting as boot device: PCI:0000:00:02.0
[    3.994887] vgaarb: device added: PCI:0000:00:02.0,decodes=io+mem,owns=io+mem,locks=none
[    3.998200] vgaarb: loaded
[    3.999421] vgaarb: bridge control possible 0000:00:02.0
[    4.001769] SCSI subsystem initialized
[    4.003509] ACPI: bus type USB registered
[    4.005197] usbcore: registered new interface driver usbfs
[    4.006967] usbcore: registered new interface driver hub
[    4.008797] usbcore: registered new device driver usb
[    4.014268] PCI: Using ACPI for IRQ routing
[    4.016818] NetLabel: Initializing
[    4.018528] NetLabel:  domain hash size = 128
[    4.023297] NetLabel:  protocols = UNLABELED CIPSOv4
[    4.026125] NetLabel:  unlabeled traffic allowed by default
[    4.030735] amd_nb: Cannot enumerate AMD northbridges
[    4.035705] clocksource: Switched to clocksource kvm-clock
[    4.054042] AppArmor: AppArmor Filesystem Enabled
[    4.056809] pnp: PnP ACPI init
[    4.061426] pnp: PnP ACPI: found 3 devices
[    4.082564] clocksource: acpi_pm: mask: 0xffffff max_cycles: 0xffffff, max_idle_ns: 2085701024 ns
[    4.087511] NET: Registered protocol family 2
[    4.090290] TCP established hash table entries: 8192 (order: 4, 65536 bytes)
[    4.094002] TCP bind hash table entries: 8192 (order: 5, 131072 bytes)
[    4.097503] TCP: Hash tables configured (established 8192 bind 8192)
[    4.100744] UDP hash table entries: 512 (order: 2, 16384 bys)
[   4.15302] UDP-Lite hash table entrie: 512(order: , 16384bytes)
[   4.294592] NET: egistere protocol family 1
[  4.36515] pci 0000:00:00.0: Limiting direct PCI/PCI transfers
[   4.47273] pci 000000:01.0: Acivatin ISA DMA hang workarounds
[   4.55574] Unpacking initramfs...

[    4.834236] Freeing initrd memory: 14804K
[    4.844130] RAPL PMU detected, API unit is 2^-32 Joules, 4 fixed counters 10737418240 ms ovfl timer
[    4.878377] hw unit of domain pp0-core 2^-0 Joules
[    4.883348] hw unit of domain package 2^-0 Joules
[    4.889391] hw unit of domain dram 2^-0 Joules
[    4.893507] hw unit of domain pp1-gpu 2^-0 Joules
[    4.899227] platform rtc_cmos: registered platform RTC device (no PNP device found)
[    4.914944] Scanning for low memory corruption every 60 seconds
[    4.926080] audit: initializing netlink subsys (disabled)
[    4.945574] audit: type=2000 audit(1544538827.120:1): initialized
[    4.954167] Initialise system trusted keyring
[    4.961494] HugeTLB registered 2 MB page size, pre-allocated 0 pages
[    4.972094] zbud: loaded
[    4.973635] VFS: Disk quotas dquot_6.6.0
[    4.976232] VFS: Dquot-cache hash table entries: 512 (order 0, 4096 bytes)
[    4.979141] squashfs: version 4.0 (2009/01/31) Phillip Lougher
[    4.982540] fuse init (API version 7.23)
[    4.989312] Key type big_key registered
[    4.990838] Allocating IMA MOK and blacklist keyrings.
[    4.995365] Key type asymmetric registered
[    4.996794] Asymmetric key parser 'x509' registered
[    4.998381] Block layer SCSI generic (bsg) driver version 0.4 loaded (major 249)
[    5.000880] io scheduler noop registered
[    5.002172] io scheduler deadline registered (default)
[    5.003793] io scheduler cfq registered
[    5.005194] pci_hotplug: PCI Hot Plug PCI Core version: 0.5
[    5.006906] pciehp: PCI Express Hot Plug Controller Driver version: 0.4
[    5.015336] ACPI: AC Adapter [AC] (off-line)
[    5.028535] input: Power Button as /devices/LNXSYSTM:00/LNXPWRBN:00/input/input0
[    5.045451] ACPI: Power Button [PWRF]
[    5.055265] input: Sleep Button as /devices/LNXSYSTM:00/LNXSLPBN:00/input/input1
[    5.069336] ACPI: Sleep Button [SLPF]
[    5.078605] ACPI: Battery Slot [BAT0] (battery present)
[    5.085113] GHES: HEST is not enabled!
[    5.096113] Serial: 850/16550 driver, 32 orts, IRQ sharing enabled
[    5.176532] 00:02: ttyS0 at I/O 0x3f8 (irq = 4, base_baud = 115200)is a 16550A

[    5.23302] Linux agpgart interface v0.103

[    5.275948] loop: module loaded
[    5.278034] scsi host0: ata_piix
[    5.281701] scsi host1: a_piix

[    5.332157] ata1: PATA max UDMA/33 cmd 0x1f0 ctl 0x3f6 bmdma 0xd000 irq 14
[   5.340710] ata2: PATA max UDMA/33 cm 0x170 ctl 0x376 bmdma xd0 irq 15

[    5.486964] libphy: Fixed MDIO Bus: probed
[    5.494896 tun: Universal TUN/TAP device driver, 1.6
[   5.520489] tun: (C) 1999-2004 Ma Krasnyansky <maxk@quacomm.co>

[    5.615540] PPP generic driver version 2.4.2
[    5.628281] ehci_hcd: USB 2.0 'Enhanced' Host Controller (EHCI) Driver
[    5.633305] ehci-pci: EHCI PCI platform driver
[    5.635280] ehci-platform: EHCI generic platform driver
[    5.642623] ohci_hcd: USB 1.1 'Open' Host Controller (OHCI) Driver
[    5.648802] ohci-pci: OHCI PCI platform driver
[    5.657192] ohci-platform: OHCI generic platform driver
[    5.661471] uhci_hcd: USB Universal Host Controller Interface driver
[    5.664649] i8042: PNP: PS/2 Controller [PNP0303:PS2K,PNP0f03:PS2M] at 0x60,0x64 irq 1,12
[    5.674667] serio: i8042 KBD port at 0x60,0x64 irq 1
[    5.677358] serio: i8042 AUX port at 0x60,0x64 irq 12
[    5.680487] mousedev: PS/2 mouse device common for all mice
[    5.683765] rtc_cmos rtc_cmos: rtc core: registered rtc_cmos as rtc0
[    5.703543] rtc_cmos rtc_cmos: alarms up to one day, 114 bytes nvram
[    5.733646] i2c /dev entries driver
[    5.735377] input: AT Translated Set 2 keyboard as /devices/platform/i8042/serio0/input/input2
[    5.739606] device-mapper: uevent: version 1.0.3
[    5.741730] device-mapper: ioctl: 4.34.0-ioctl (2015-10-28) initialised: dm-devel@redhat.com
[    5.761070] ledtrig-cpu: registered to indicate activity on CPUs
[    5.768146] NET: Registered protocol family 10
[    5.795039] NET: Registered protocol family 17
[    5.814728] Key type dns_resolver registered
[    5.817739] registered taskstats version 1
[    5.819920] Loading compiled-in X.509 certificates
[    5.822570] Loaded X.509 cert 'Build time autogenerated kernel key: 2b5438463a545abf193c13ead155e0657f6c69dd'
[    5.836123] zswap: loaded using pool lzo/zbud
[    5.839908] Key type trusted registered
[    5.853304] Key type encrypted registered
[    5.855113] AppArmor: AppArmor sha1 policy hashing enabled
[    5.857698] ima: No TPM chip found, activating TPM-bypass!
[    5.891326] ima: Allocated hash algorithm: sha1
[    5.899229] tsc: Refined TSC clocksource calibration: 2700.057 MHz
[    5.903088] clocksource: tsc: mask: 0xffffffffffffffff max_cycles: 0x26eb743a8ac, max_idle_ns: 440795321328 ns
[    5.903201] evm: HMAC attrs: 0x1
[    5.939090]   Magic number: 14:377:586
[    5.940911] rtc_cmos rtc_cmos: setting system clock to 2018-12-11 14:33:46 UTC (1544538826)
[    5.950616] BIOS EDD facility v0.16 2004-Jun-25, 0 devices found
[    5.953591] EDinformation ot available.

[    6.029061] Freeing unused kernel memory: 1528K
[    6.051733] Write protecting the kernel read-only data: 14336k
[    6.070138] Freeing unused kernel memory: 1664K
[    6.072309] Freeing unused kernel memory: 88K
Loading, please wait...
starting version 229
[    6.090067] random: systemd-udevd: uninitialized urandom read (16 bytes read, 5 bits of entropy available)
[    6.090306] random: udevadm: uninitialized urandom read (16 bytes read, 5 bits of entropy available)
[    6.090336] random: udevadm: uninitialized urandom read (16 bytes read, 5 bits of entropy available)
[    6.098315] random: udevadm: uninitialized urandom read (16 bytes read, 5 bits of entropy available)
[    6.098358] random: udevadm: uninitialized urandom read (16 bytes read, 5 bits of entropy available)
[    6.098480] random: udevadm: uninitialized urandom read (16 bytes read, 5 bits of entropy available)
[    6.098523] random: udevadm: uninitialized urandom read (16 bytes read, 5 bits of entropy available)
[    6.098567] random: udevadm: uninitialized urandom read (16 bytes read, 5 bits of entropy available)
[    6.098610] random: udevadm: uninitialized urandom read (16 bytes read, 5 bits of entropy available)
[    6.098651] random: udevadm: uninitialized urandom read (16 bytes read, 5 bits of entropy available)
[    6.258369] e1000: Intel(R) PRO/1000 Network Driver - version 7.3.21-k8-NAPI
[    6.268943] e1000: Copyright (c) 1999-2006 Intel Corporation.
[    6.279088] Fusion MPT base driver 3.04.20
[    6.280632] Copyright (c) 1999-2008 LSI Corporation
[    6.290914] Fusion MPT SPI Host driver 3.04.20
[    6.356451] AVX2 version of gcm_enc/dec engaged.
[    6.363064] AES CTR mode by8 optimization enabled
[    6.489025] input: ImExPS/2 Generic Explorer Mouse as /devices/platform/i8042/serio1/input/input4
[    6.800767] e1000 0000:00:03.0 eth0: (PCI:33MHz:32-bit) 02:b4:5c:5b:e6:80
[    6.832884] e1000 0000:00:03.0 eth0: Intel(R) PRO/1000 Network Connection
[    6.845836] mptbase: ioc0: Initiating bringup
[    6.846595] e1000 0000:00:03.0 enp0s3: renamed from eth0
[    6.940309] ioc0: LSI53C1030 A0: Capabilities={Initiator}
[    7.810397] scsi host2: ioc0: LSI53C1030 A0, FwRev=00000000h, Ports=1, MaxQ=256, IRQ=20
[    8.315649] scsi 2:0:0:0: Direct-Access     VBOX     HARDDISK         1.0  PQ: 0 ANSI: 5
[    8.319440] scsi target2:0:0: Beginning Domain Validation
[    8.325203] scsi target2:0:0: Domain Validation skipping write tests
[    8.327822] scsi target2:0:0: Ending Domain Validation
[    8.364331] scsi target2:0:0: asynchronous
[    8.367225] scsi 2:0:1:0: Direct-Access     VBOX     HARDDISK         1.0  PQ: 0 ANSI: 5
[    8.370882] scsi target2:0:1: Beginning Domain Validation
[    8.375662] scsi target2:0:1: Domain Validation skipping write tests
[    8.378354] scsi target2:0:1: Ending Domain Validation
[    8.380813] scsi target2:0:1: asynchronous
[    8.394307] sd 2:0:0:0: [sda] 20971520 512-byte logical blocks: (10.7 GB/10.0 GiB)
[    8.402900] sd 2:0:0:0: Attached scsi generic sg0 type 0
[    8.404660] sd 2:0:0:0: [sda] Write Protect is off
[    8.404816] sd 2:0:0:0: [sda] Incomplete mode parameter data
[    8.404817] sd 2:0:0:0: [sda] Assuming drive cache: write through
[    8.407344]  sda: sda1
[    8.408815] sd 2:0:0:0: [sda] Attached SCSI disk
[    8.435117] sd 2:0:1:0: Attached scsi generic sg1 type 0
[    8.435352] sd 2:0:1:0: [sdb] 20480 512-byte logical blocks: (10.5 MB/10.0 MiB)
[    8.435670] sd 2:0:1:0: [sdb] Write Protect is off
[    8.435878] sd 2:0:1:0: [sdb] Incomplete mode parameter data
[    8.435880] sd 2:0:1:0: [sdb] Assuming drive cache: write through
[    8.438945] sd 2:0:1:0: [sdb] Attached SCSI disk
Begin: Loading essential drivers ... [    9.847213] md: linear personality registered for level -1
[    9.858143] md: multipath personality registered for level -4
[    9.873458] md: raid0 personality registered for level 0
[    9.887275] md: raid1 personality registered for level 1
[    9.968102] raid6: sse2x1   gen()  8690 MB/s
[   10.040232] raid6: sse2x1   xor()  7008 MB/s
[   10.112005] raid6: sse2x2   gen() 11758 MB/s
[   10.188237] raid6: sse2x2   xor()  7708 MB/s
[   10.264012] raid6: sse2x4   gen() 14321 MB/s
[   10.339905] raid6: sse2x4   xor()  9390 MB/s
[   10.412212] raid6: avx2x1   gen() 18178 MB/s
[   10.483810] raid6: avx2x2   gen() 21355 MB/s
[   10.563359] raid6: avx2x4   gen() 24626 MB/s
[   10.565165] raid6: using algorithm avx2x4 gen() 24626 MB/s
[   10.573740] raid6: using avx2x2 recovery algorithm
[   10.579440] xor: automatically using best checksumming function:
[   10.619950]    avx       : 23807.000 MB/sec
[   10.630315] async_tx: api initialized (async)
[   10.645256] md: raid6 personality registered for level 6
[   10.653151] md: raid5 personality registered for level 5
[   10.658725] md: raid4 personality registered for level 4
[   10.680678] md: raid10 personality registered for level 10
done.
Begin: Running /scripts/init-premount ... done.
Begin: Mounting root file system ... Begin: Running /scripts/local-top ... done.
Begin: Running /scripts/local-premount ... [   10.717886] Btrfs loaded
Scanning for Btrfs filesystems
done.
Warning: fsck not present, so skipping root file[   10.759145] EXT4-fs (sda1): mounted filesystem with ordered data mode. Opts: (null)
 system
done.
Begin: Running /scripts/local-bottom ... done.
Begin: Running /scripts/init-bottom ... done.
[   10.883914] systemd[1]: systemd 229 running in system mode. (+PAM +AUDIT +SELINUX +IMA +APPARMOR +SMACK +SYSVINIT +UTMP +LIBCRYPTSETUP +GCRYPT +GNUTLS +ACL +XZ -LZ4 +SECCOMP +BLKID +ELFUTILS +KMOD -IDN)
[   10.925458] systemd[1]: Detected virtualization oracle.
[   10.934967] systemd[1]: Detected architecture x86-64.

Welcome to [1mUbuntu 16.04.5 LTS[0m!

[   10.946395] systemd[1]: Set hostname to <ubuntu>.
[   10.953656] systemd[1]: Initializing machine ID from random generator.
[   10.956846] systemd[1]: Installed transient /etc/machine-id file.
[   11.189484] systemd[1]: Listening on udev Control Socket.
[[0;32m  OK  [0m] Listening on udev Control Socket.
[   11.206711] systemd[1]: Created slice User and Session Slice.
[[0;32m  OK  [0m] Created slice User and Session Slice.
[   11.252358] systemd[1]: Listening on Syslog Socket.
[[0;32m  OK  [0m] Listening on Syslog Socket.
[   11.292934] systemd[1]: Listening on LVM2 poll daemon socket.
[[0;32m  OK  [0m] Listening on LVM2 poll daemon socket.
[   11.333285] systemd[1]: Listening on Journal Audit Socket.
[[0;32m  OK  [0m] Listening on Journal Audit Socket.
[   11.340006] systemd[1]: Reached target Encrypted Volumes.
[[0;32m  OK  [0m] Reached target Encrypted Volumes.
[   11.375103] systemd[1]: Created slice System Slice.
[[0;32m  OK  [0m] Created slice System Slice.
[   11.399626] systemd[1]: Reached target Slices.
[[0;32m  OK  [0m] Reached target Slices.
[   11.417105] systemd[1]: Reached target User and Group Name Lookups.
[[0;32m  OK  [0m] Reached target User and Group Name Lookups.
[   11.456712] systemd[1]: Reached target Swap.
[[0;32m  OK  [0m] Reached target Swap.
[   11.484697] systemd[1]: Listening on Device-mapper event daemon FIFOs.
[[0;32m  OK  [0m] Listening on Device-mapper event daemon FIFOs.
[   11.504004] systemd[1]: Listening on Journal Socket (/dev/log).
[[0;32m  OK  [0m] Listening on Journal Socket (/dev/log).
[   11.521059] systemd[1]: Listening on LVM2 metadata daemon socket.
[[0;32m  OK  [0m] Listening on LVM2 metadata daemon socket.
[   11.561246] systemd[1]: Started Trigger resolvconf update for networkd DNS.
[[0;32m  OK  [0m] Started Trigger resolvconf update for networkd DNS.
[   11.589114] systemd[1]: Listening on Journal Socket.
[[0;32m  OK  [0m] Listening on Journal Socket.
[   11.616052] systemd[1]: Starting Remount Root and Kernel File Systems...
[   11.622997] EXT4-fs (sda1): re-mounted. Opts: (null)
         Starting Remount Root and Kernel File Systems...
[   11.677678] systemd[1]: Starting Nameserver information manager...
         Starting Nameserver information manager...
[   11.689247] systemd[1]: Starting Monitoring of LVM2 mirrors, snapshots etc. using dmeventd or progress polling...
         Starting Monitoring of LVM2 mirrors... dmeventd or progress polling...
[   11.713277] systemd[1]: Starting Set console keymap...
         Starting Set console keymap...
[   11.733735] systemd[1]: Starting Journal Service...
         Starting Journal Service...
[   11.767036] systemd[1]: Mounting Debug File System...
         Mounting Debug File System...
[   11.788027] systemd[1]: Starting Load Kernel Modules...
         Starting Load Kernel Modules...
[   11.801311] systemd[1]: Listening on /dev/initctl Compatibility Named Pipe.
[[0;32m  OK  [0[   11.828256] Loading iSCSI transport class v2.0-870.
m] Listening on /dev/initctl Compatibility Named Pipe.
[   11.835956] random: nonblocking pool is initialized
[   11.848745] iscsi: registered transport (tcp)
[   11.868159] systemd[1]: Starting Uncomplicated firewall...
         Starting Uncomplicated firewall...
[   11.882097] systemd[1]: Started Forward Password Requests to Wall Directory Watch.
[[0;32m  OK  [0m] Started Forward Password Requests to Wall Directory Watch.
[   11.898926] systemd[1]: Reached target System Time Synchronized.
[[0;32m  OK  [0m] Reached target System Time Synchronized.
[   11.938196] systemd[1]: Listening on udev Kernel Socket.
[[0;32m  OK  [0m] Listening on udev Kernel Socket.
[   11.952520] systemd[1]: Created slice system-serial\x2dgetty.slice.
[[0;32m  OK  [0m] Created slice system-serial\x2dgetty.slice.
[   11.970760] iscsi: registered transport (iser)
[   11.976050] systemd[1]: Mounting POSIX Message Queue File System...
         Mounting POSIX Message Queue File System...
[   11.996215] systemd[1]: Set up automount Arbitrary Executable File Formats File System Automount Point.
[[0;32m  OK  [0m] Set up automount Arbitrary Executab...ats File System Automount Point.
[   12.028533] systemd[1]: Starting Create list of required static device nodes for the current kernel...
         Starting Create list of required st... nodes for the current kernel...
[   12.054321] systemd[1]: Mounting Huge Pages File System...
         Mounting Huge Pages File System...
[   12.081708] systemd[1]: Mounted Debug File System.
[[0;32m  OK  [0m] Mounted Debug File System.
[   12.096512] systemd[1]: Mounted POSIX Message Queue File System.
[[0;32m  OK  [0m] Mounted POSIX Message Queue File System.
[   12.112790] systemd[1]: Mounted Huge Pages File System.
[[0;32m  OK  [0m] Mounted Huge Pages File System.
[   12.123884] systemd[1]: Started Journal Service.
[[0;32m  OK  [0m] Started Journal Service.
[[0;32m  OK  [0m] Started Remount Root and Kernel File Systems.
[[0;32m  OK  [0m] Started Set console keymap.
[[0;32m  OK  [0m] Started Load Kernel Modules.
[[0;32m  OK  [0m] Started Uncomplicated firewall.
[[0;32m  OK  [0m] Started Create list of required sta...ce nodes for the current kernel.
[[0;32m  OK  [0m] Started Nameserver information manager.
[[0;32m  OK  [0m] Started LVM2 metadata daemon.
         Starting Create Static Device Nodes in /dev...
         Starting Apply Kernel Variables...
         Mounting FUSE Control File System...
         Starting Load/Save Random Seed...
         Starting udev Coldplug all Devices...
         Starting Flush Journal to Persistent Storage...
[[0;32m  OK  [0m] Mounted FUSE Control File System.
[[0;32m  OK  [0m] Started Create Static Device Nodes in /dev.
[[0;32m  OK  [0m] Started Apply Kernel Variables.
[[0;32m  OK  [0m] Started Load/Save Random Seed.
[[0;32m  OK  [0m] Started udev Coldplug all Devices.
[[0;32m  OK  [0m] Started Flush Journal to Persistent Storage.
         Starting udev Kernel Device Manager...
[[0;32m  OK  [0m] Started udev Kernel Device Manager.
[[0;32m  OK  [0m] Started Dispatch Password Requests to Console Directory Watch.
[[0;32m  OK  [0m] Found device /dev/ttyS0.
[[0;32m  OK  [0m] Started Monitoring of LVM2 mirrors,...ng dmeventd or progress polling.
[[0;32m  OK  [0m] Reached target Local File Systems (Pre).
[[0;32m  OK  [0m] Reached target Local File Systems.
         Starting LSB: AppArmor initialization...
         Starting Create Volatile Files and Directories...
         Starting Initial cloud-init job (pre-networking)...
         Starting Commit a transient machine-id on disk...
         Starting Set console font and keymap...
         Starting Tell Plymouth To Write Out Runtime Data...
[[0;32m  OK  [0m] Started Create Volatile Files and Directories.
[[0;32m  OK  [0m] Started Commit a transient machine-id on disk.
[[0;32m  OK  [0m] Started Tell Plymouth To Write Out Runtime Data.
[[0;32m  OK  [0m] Listening on Load/Save RF Kill Switch Status /dev/rfkill Watch.
         Starting Update UTMP about System Boot/Shutdown...
[[0;32m  OK  [0m] Started Update UTMP about System Boot/Shutdown.
[   10.585543] cloud-init[512]: Cloud-init v. 18.4-0ubuntu1~16.04.2 running 'init-local' at Tue, 11 Dec 2018 14:33:54 +0000. Up 10.05 seconds.
[[0;32m  OK  [0m] Started Set console font and keymap.
[[0;32m  OK  [0m] Created slice system-getty.slice.
[[0;32m  OK  [0m] Started Initial cloud-init job (pre-networking).
[[0;32m  OK  [0m] Reached target Network (Pre).
[[0;32m  OK  [0m] Started LSB: AppArmor initialization.
         Starting Raise network interfaces...
[[0;32m  OK  [0m] Started Raise network interfaces.
[[0;32m  OK  [0m] Reached target Network.
         Starting Initial cloud-init job (metadata service crawler)...
[   12.101300] cloud-init[917]: Cloud-init v. 18.4-0ubuntu1~16.04.2 running 'init' at Tue, 11 Dec 2018 14:33:55 +0000. Up 11.54 seconds.
[   12.125555] cloud-init[917]: ci-info: ++++++++++++++++++++++++++++++++++++++Net device info++++++++++++++++++++++++++++++++++++++
[   12.131041] cloud-init[917]: ci-info: +--------+------+----------------------------+---------------+--------+-------------------+
[   12.148354] cloud-init[917]: ci-info: | Device |  Up  |          Address           |      Mask     | Scope  |     Hw-Address    |
[   12.153391] cloud-init[917]: ci-info: +--------+------+----------------------------+---------------+--------+-------------------+
[   12.159015] cloud-init[917]: ci-info: | enp0s3 | True |         10.0.2.15          | 255.255.255.0 | global | 02:b4:5c:5b:e6:80 |
[   12.196500] [[0;32m  OK  [0m] Started Initial cloud-init job (metadata service crawler).
cloud-init[917]: ci-info: | enp0s3 | True | fe80::b4:5cff:fe5b:e680/64 |       .       |  link  | 02:b4:5c:5b:e6:80 |
[   12.216880] [cloud-init[917]: ci-info: |   lo   | True |         127.0.0.1          |   255.0.0.0   |  host  |         .         |
[0;32m  OK  [0m] Reached target System Initialization.
[   12.218789] cloud-init         [917]: Starting LXD - unix socket.ci-info: |   lo   | True |          ::1/128           |       .       |  host  |         .         |

[   12.250915] cloud-init[917]: ci-info: +--------+------+----------------------------+---------------+--------+-------------------+
[[0;32m  OK  [0m] Started Daily Cleanup of Temporary Directories.
[[0;32m  OK  [0m] Listening on ACPID Listen Socket.
         Starting Socket activation for snappy daemon.
[[0;32m  OK  [0m] Started Daily apt download activities.
[[0;32m  OK  [0m] Started Daily apt upgrade and clean activities.
[[0;32m  OK  [0m] Listening on UUID daemon activation socket.
[   12.255174] cloud-init[917]: ci-info: +++++++++++++++++++++++++++Route IPv4 info++++++++++++++++++++++++++++
[   12.383258] [[0;32m  OK  [0m] Started ACPI Events Check.
cloud-init[917]: ci-info: +-------+-------------+----------+---------------+-----------+-------+
[[0;32m  OK  [0m] Reached target Paths.
[[0;32m  OK  [0m] Reached target Timers.
[[0;32m  OK  [0m] Listening on D-Bus System Message Bus Socket.
[[   12.385492] [0;32m  OK  [0mcloud-init] [917]: Reached target Network is Online.ci-info: | Route | Destination | Gateway  |    Genmask    | Interface | Flags |

[   12.444591]          Starting iSCSI initiator daemon (iscsid)...
[[0;32m  OK  [0m] Reached target Cloud-config availability.cloud-init
[917]: ci-info: +-------+-------------+----------+---------------+-----------+-------+
[   12.465168] [[0;32m  OK  [0m] Listening on LXD - unix socket.
[[0;32m  OK  [0m] cloud-initListening on Socket activation for snappy daemon.[917]: 
ci-info: |   0   |   0.0.0.0   | 10.0.2.2 |    0.0.0.0    |   enp0s3  |   UG  |
[   12.507536] [[0;32m  OK  [0m] Reached target Sockets.
cloud-init[917]: ci-info: |   1   |   10.0.2.0  | 0.0.0.0  | 255.255.255.0 |   enp0s3  |   U   |
[[0;32m  OK  [0m] Reached target Basic System.
[   12.509756] [cloud-init[0;32m  OK  [0m[917]: ] ci-info: +-------+-------------+----------+---------------+-----------+-------+Started Unattended Upgrades Shutdown.

         Starting Pollinate to seed the pseudo random number generator...
[   12.580326] cloud-init[917]: ci-info: +++++++++++++++++++Route IPv6 info+++++++++++++++++++
[   12.604825]          Starting LSB: Record successful boot for GRUB...
[[0;32m  OK  [0m] Started Deferred execution scheduler.
cloud-init[917]: ci-info: +-------+-------------+---------+-----------+-------+
[[0;32m  OK  [0m] Started Regular background program processing daemon.
[   12.623412] cloud-init[917]: ci-info: | Route | Destination | Gateway | Interface | Flags |
[   12.645547] cloud-init[917]: ci-info: +-------+-------------+---------+-----------+-------+
         Starting Accounts Service...[   12.660565] cloud-init[917]: ci-info: |   0   |  fe80::/64  |    ::   |   enp0s3  |   U   |
[   12.662782] cloud-init[917]: ci-info: |   3   |   ff00::/8  |    ::   |   enp0s3  |   U   |
[   12.662850] cloud-init[917]: ci-info: +-------+-------------+---------+-----------+-------+
[   12.663305] cloud-init[917]: Generating public/private rsa key pair.
[   12.663355] cloud-init[917]: Your identification has been saved in /etc/ssh/ssh_host_rsa_key.
[   12.663396] cloud-init[917]: Your public key has been saved in /etc/ssh/ssh_host_rsa_key.pub.
[   12.663430] cloud-init[917]: The key fingerprint is:
[   12.663462] cloud-init[917]: SHA256:cI9MmvZSID/MjGZHZYefHeXJBxkSOFvpJu87XlSRnFc root@ubuntu-xenial
[   12.663494] cloud-init[917]: The key's randomart image is:
[   12.663647] cloud-init[917]: +---[RSA 2048]----+
[   12.663872] cloud-init[917]: |        o...o+=+E|
[   12.663921] 
cloud-init[917]: |       o..o ++.*o|
[   12.776679]          Starting Login Service...
cloud-init[917]: |    . + o. B .+ +|
[   12.785657] cloud-init[917]: |     O O o= +  o |
[   12.801991]          Starting Snappy daemon...
         Starting /etc/rc.local Compatibility...
         Starting System Logging Service...
[[0;32m  OK  [0m] Started FUSE filesystem for LXC.
[[0;32m  OK  [0m] Started D-Bus System Message Bus.
cloud-init[917]: |    + @ S .+  .  |
[   12.829879] cloud-init[917]: |   o o +    ..   |
[   12.839174] cloud-init[917]: |      . .  .  .  |
[   12.847646] cloud-init[917]: |       .    o.   |
[   12.865299] cloud-init[917]: |           .oo   |
[   12.887447] cloud-init[917]: +----[SHA256]-----+
[   12.897909] cloud-init[917]: Generating public/private dsa key pair.
[   12.925767]          Starting Virtualbox guest utils...
         Starting LSB: MD monitoring daemon...
cloud-init[917]: Your identification has been saved in /etc/ssh/ssh_host_dsa_key.
[   12.948953] [[0;32m  OK  [0m] Started ACPI event daemon.
cloud-init[917]: Your public key has been saved in /etc/ssh/ssh_host_dsa_key.pub.
[   12.982516]          Starting LXD - container startup/shutdown...
cloud-init[917]: [[0;32m  OK  [0m] Started System Logging Service.
[[0;32m  OK  [0m] Started iSCSI initiator daemon (iscsid).
[[0;32m  OK  [0m] Started /etc/rc.local Compatibility.
The key fingerprint is:
[   12.998716] cloud-init[917]: [[0;32m  OK  [0m] Started LSB: Record successful boot for GRUB.
SHA256:zIwVmDAOnkJv5guCcChrH3FTq5bPPIBWjxYNxjIPfzg root@ubuntu-xenial
[   13.027078] cloud-init[917]: The key's randomart image is:
[   13.033912] cloud-init[917]: +---[DSA 1024]----+
[   13.039942] cloud-init[917]: | .. ++ +.        |
[[0;32m  OK  [0m] Started Login Service.
[   13.059508] cloud-init[917]: |.o.B.o* ..       |
[   13.067507] cloud-init[917]: |= +=B=.o.        |
[   13.079430] cloud-init         Starting Authenticate and Authorize Users to Run Privileged Tasks...
[917]: |+++ =EBB         |
[   13.090733]          Starting Login to default iSCSI targets...
cloud-init[917]: |+o = B+.S        |[[0;32m  OK  [0m] Started LSB: MD monitoring daemon.

[   13.099033] cloud-init[917]: |o + = =          |
[   13.109434] cloud-init[917]: |   o   =         |
[   13.132884] cloud-init[917]: |        .        |
[[0;32m  OK  [0m] Started Login to default iSCSI targets.
[[0;32m  OK  [0m] Reached target Remote File Systems (Pre).
[[0;32m  OK  [0m] Reached target Remote File Systems.
[   13.146421] cloud-init[917]: |                 |
         Starting LSB: daemon to balance interrupts for SMP systems...
[   13.171769] cloud-init[917]: +----[SHA256]-----+
[   13.189067] cloud-init[917]: Generating public/private ecdsa key pair.
         Starting Permit User Sessions...
[   13.199078] cloud-init[917]: Your identification has been saved in /etc/ssh/ssh_host_ecdsa_key.
[   13.229029]          Starting LSB: Set the CPU Frequency Scaling governor to "ondemand"...
cloud-init[917]: Your public key has been saved in /etc/ssh/ssh_host_ecdsa_key.pub.
[   13.243944]          Starting LSB: automatic crash report generation...
[[0;32m  OK  [0m] Started Snappy daemon.
[[0;32m  OK  [0m] Started Virtualbox guest utils.cloud-init
[917]: The key fingerprint is:
[   13.258067] [[0;32m  OK  [0m] Started LXD - container startup/shutdown.
[[0;32m  OK  [0m] Started Permit User Sessions.
[[0;32m  OK  [0m] Started Authenticate and Authorize Users to Run Privileged Tasks.
cloud-init[917]: SHA256:HUaXNmdNlpsPhIcTIwM0h4xU5HwFGXiAZttmyDBMuNc root@ubuntu-xenial
[[0;32m  OK  [0m] Started Accounts Service.
[   13.292608] cloud-init[917]: The key's randomart image is:
[   13.326742] cloud-init[[0;32m  OK  [0m] Started LSB: daemon to balance interrupts for SMP systems.
[917]: +---[ECDSA 256]---+
[   13.380667] cloud-init[917]: |   +...BB=B+== o+|
[   13.381373] cloud-init[917]: |  . + =o++o=B.=o.|
[   13.381445] cloud-init[917]: |   . B +o.+. B  o|
         Starting Hold until boot process finishes up...
[   13.382199] cloud-init[917]: |  . . E ++ .  .o |
[   13.413550] cloud-init[917]: |   .   oS .    ..|
         Starting Terminate Plymouth Boot Screen...
[   13.428392] cloud-init[917]: |                .|
         Starting Wait until snapd is fully seeded...
[[0;32m  OK  [0m] Started Pollinate to seed the pseudo random number generator.
[[0;32m  OK  [0m] Started LSB: Set the CPU Frequency Scaling governor to "ondemand".
[   13.473785] cloud-init[917]: |                 |
[   13.499916] cloud-init[917]: |                 |
[[0;32m  OK  [0m] Started LSB: automatic crash report generation.
[   13.515211] cloud-init[917]: |                 |
[   13.533006] cloud-init[917]: +----[SHA256]-----+
[   13.533839] [cloud-init[0;32m  OK  [0m[917]: ] Generating public/private ed25519 key pair.Started Hold until boot process finishes up.

[[   13.534903] cloud-init[917]: Your identification has been saved in /etc/ssh/ssh_host_ed25519_key.
[   13.545644] cloud-init[917]: Your public key has been saved in /etc/ssh/ssh_host_ed25519_key.pub.
[   13.549646] cloud-init[917]: The key fingerprint is:
[   13.552227] cloud-init[917]: SHA256:HVQvHLpm8c2lxa+MZW/A2vx0MuUPtHtlbSep8Hwb9HM root@ubuntu-xenial
[0;32m  OK  [0m] Started Terminate Plymouth Boot Screen.
[   13.552533] cloud-init[917]: The key's randomart image is:
[   13.665509] cloud-init[917]: +--[ED25519 256]--+
[   13.668640] cloud-init[917]: |          ..o    |
[   13.687353] cloud-init[917]: |         . o o . |
[[   13.699631] cloud-init[917]: |          + o . +|
[   13.701228] cloud-init[917]: |         . = = +.|
[0;32m  OK  [0m] Started Getty on tty1.
[   13.703539] cloud-init[917]: |        S = . @.+|
[   13.719222] cloud-init[917]: |         o.  @oO*|
[   13.723484] cloud-init[917]: |           +o.@=E|
[   13.726325] cloud-init[917]: |            + .X*|
         Starting Set console scheme...
[   13.735026] cloud-init[917]: |             .ooo|
[   13.741274] cloud-init[917]: +----[SHA256]-----+
[[0;32m  OK  [0m] Started Serial Getty on ttyS0.
[[0;32m  OK  [0m] Reached target Login Prompts.
         Starting OpenBSD Secure Shell server...
[[0;32m  OK  [0m] Started Set console scheme.
[[0;32m  OK  [0m] Started OpenBSD Secure Shell server.
[[0;32m  OK  [0m] Created slice User Slice of vagrant.
         Starting User Manager for UID 1000...
[[0;32m  OK  [0m] Started Session 1 of user vagrant.
[[0;32m  OK  [0m] Started User Manager for UID 1000.
         Stopping User Manager for UID 1000...
[[0;32m  OK  [0m] Stopped User Manager for UID 1000.
[[0;32m  OK  [0m] Removed slice User Slice of vagrant.
[[0;32m  OK  [0m] Created slice User Slice of vagrant.
         Starting User Manager for UID 1000...
[[0;32m  OK  [0m] Started Session 2 of user vagrant.
[[0;32m  OK  [0m] Started User Manager for UID 1000.

Ubuntu 16.04.5 LTS ubuntu-xenial ttyS0

ubuntu-xenial login: [   20.371312] cloud-init[1567]: Generating locales (this might take a while)...
[   21.093525] cloud-init[1567]:   en_US.UTF-8... done
[   21.096774] cloud-init[1567]: Generation complete.
[   21.414235] cloud-init[1567]: Cloud-init v. 18.4-0ubuntu1~16.04.2 running 'modules:config' at Tue, 11 Dec 2018 14:34:04 +0000. Up 20.27 seconds.
ci-info: no authorized ssh keys fingerprints found for user ubuntu.
<14>Dec 11 14:34:05 ec2: 
<14>Dec 11 14:34:05 ec2: #############################################################
<14>Dec 11 14:34:05 ec2: -----BEGIN SSH HOST KEY FINGERPRINTS-----
<14>Dec 11 14:34:05 ec2: 1024 SHA256:zIwVmDAOnkJv5guCcChrH3FTq5bPPIBWjxYNxjIPfzg root@ubuntu-xenial (DSA)
<14>Dec 11 14:34:05 ec2: 256 SHA256:HUaXNmdNlpsPhIcTIwM0h4xU5HwFGXiAZttmyDBMuNc root@ubuntu-xenial (ECDSA)
<14>Dec 11 14:34:05 ec2: 256 SHA256:HVQvHLpm8c2lxa+MZW/A2vx0MuUPtHtlbSep8Hwb9HM root@ubuntu-xenial (ED25519)
<14>Dec 11 14:34:05 ec2: 2048 SHA256:cI9MmvZSID/MjGZHZYefHeXJBxkSOFvpJu87XlSRnFc root@ubuntu-xenial (RSA)
<14>Dec 11 14:34:05 ec2: -----END SSH HOST KEY FINGERPRINTS-----
<14>Dec 11 14:34:05 ec2: #############################################################
-----BEGIN SSH HOST KEY KEYS-----
ecdsa-sha2-nistp256 AAAAE2VjZHNhLXNoYTItbmlzdHAyNTYAAAAIbmlzdHAyNTYAAABBBN/2DhrxSWygt7cvJrT/2M2mWwh6NtJlFStC1JToogiYr2za4duSrnIV8WqgsVqCbWuTPCWeoNxNTD2iOB13NW0= root@ubuntu-xenial
ssh-ed25519 AAAAC3NzaC1lZDI1NTE5AAAAIBIk87XUYDDT4Gskctj0SEm4fDMBIEwNPWXIJWHs6++F root@ubuntu-xenial
ssh-rsa AAAAB3NzaC1yc2EAAAADAQABAAABAQDUf5/ADrif40yIw5NcfkDlQGoww54WtEx7qMc3/Wu6XUKMqixy5JYm/lak3mZWULjnIY8bGnQOQLWci/P61oRwzCsiuV5dWlqE81lce8l6QW6MNC0MEary8TScKhU3GsXwIEuYoNyoIyx4Z+CTqOEVA/GGvJcwTuxIr5Ik+vwhHzyYn7dbAcZBMxqjR0UjbIagP2B9bQkU6aYuuj/2Oy7nP06UZd+f6fb+l8UuAdjkLZxhSnQO3dPK1oDA9ynXXCnGYe5nPVrXw01848HcgdvyRwCd3+i2d1AHDtEdwtXxD+6Ae8clBfwHJJqyYGXcwahcZrHHMSRVoXay8BBJ+Rgl root@ubuntu-xenial
-----END SSH HOST KEY KEYS-----
[   21.856630] cloud-init[1608]: Cloud-init v. 18.4-0ubuntu1~16.04.2 running 'modules:final' at Tue, 11 Dec 2018 14:34:05 +0000. Up 21.72 seconds.
[   21.856979] cloud-init[1608]: ci-info: no authorized ssh keys fingerprints found for user ubuntu.
[   21.857092] cloud-init[1608]: Cloud-init v. 18.4-0ubuntu1~16.04.2 finished at Tue, 11 Dec 2018 14:34:05 +0000. Datasource DataSourceNoCloud [seed=/dev/sdb][dsmode=net].  Up 21.84 seconds
